e:\university\year2\3d games\project3\lua_siclone\debug\vc143.pdb
e:\university\year2\3d games\project3\lua_siclone\debug\vc143.idb
e:\university\year2\3d games\project3\lua_siclone\debug\ufo.obj
e:\university\year2\3d games\project3\lua_siclone\debug\ship.obj
e:\university\year2\3d games\project3\lua_siclone\debug\scene.obj
e:\university\year2\3d games\project3\lua_siclone\debug\player.obj
e:\university\year2\3d games\project3\lua_siclone\debug\mothership.obj
e:\university\year2\3d games\project3\lua_siclone\debug\main.obj
e:\university\year2\3d games\project3\lua_siclone\debug\laser.obj
e:\university\year2\3d games\project3\lua_siclone\debug\input.obj
e:\university\year2\3d games\project3\lua_siclone\debug\helper.obj
e:\university\year2\3d games\project3\lua_siclone\debug\game.obj
e:\university\year2\3d games\project3\lua_siclone\debug\barrier.obj
e:\university\year2\3d games\project3\lua_siclone\debug\lua_siclone.ilk
e:\university\year2\3d games\project3\debug\lua_siclone.exe
e:\university\year2\3d games\project3\debug\lua_siclone.pdb
e:\university\year2\3d games\project3\lua_siclone\debug\lua_siclone.vcxproj.cppwinrt_comp.rsp
e:\university\year2\3d games\project3\lua_siclone\debug\lua_siclone.vcxproj.cppwinrt_plat.rsp
e:\university\year2\3d games\project3\lua_siclone\debug\lua_siclone.vcxproj.mdmerge.rsp
e:\university\year2\3d games\project3\lua_siclone\debug\lua_siclone.vcxproj.midlrt.rsp
e:\university\year2\3d games\project3\lua_siclone\debug\lua_siclone.tlog\cl.command.1.tlog
e:\university\year2\3d games\project3\lua_siclone\debug\lua_siclone.tlog\cl.read.1.tlog
e:\university\year2\3d games\project3\lua_siclone\debug\lua_siclone.tlog\cl.write.1.tlog
e:\university\year2\3d games\project3\lua_siclone\debug\lua_siclone.tlog\link.command.1.tlog
e:\university\year2\3d games\project3\lua_siclone\debug\lua_siclone.tlog\link.read.1.tlog
e:\university\year2\3d games\project3\lua_siclone\debug\lua_siclone.tlog\link.write.1.tlog
