  Barrier.cpp
  Game.cpp
E:\University\Year2\3D Games\Project3\LUA_SIClone\Game.h(14,10): fatal  error C1083: Cannot open include file: 'allegro5/allegro.h': No such file or directory
  Helper.cpp
  Input.cpp
E:\University\Year2\3D Games\Project3\LUA_SIClone\Game.h(14,10): fatal  error C1083: Cannot open include file: 'allegro5/allegro.h': No such file or directory
  laser.cpp
E:\University\Year2\3D Games\Project3\LUA_SIClone\Game.h(14,10): fatal  error C1083: Cannot open include file: 'allegro5/allegro.h': No such file or directory
  main.cpp
E:\University\Year2\3D Games\Project3\LUA_SIClone\Game.h(14,10): fatal  error C1083: Cannot open include file: 'allegro5/allegro.h': No such file or directory
  Mothership.cpp
E:\University\Year2\3D Games\Project3\LUA_SIClone\Ship.h(14,10): fatal  error C1083: Cannot open include file: 'allegro5/allegro.h': No such file or directory
  Player.cpp
E:\University\Year2\3D Games\Project3\LUA_SIClone\Ship.h(14,10): fatal  error C1083: Cannot open include file: 'allegro5/allegro.h': No such file or directory
  Scene.cpp
E:\University\Year2\3D Games\Project3\LUA_SIClone\Ship.h(14,10): fatal  error C1083: Cannot open include file: 'allegro5/allegro.h': No such file or directory
  Ship.cpp
E:\University\Year2\3D Games\Project3\LUA_SIClone\Ship.h(14,10): fatal  error C1083: Cannot open include file: 'allegro5/allegro.h': No such file or directory
  Ufo.cpp
E:\University\Year2\3D Games\Project3\LUA_SIClone\Ship.h(14,10): fatal  error C1083: Cannot open include file: 'allegro5/allegro.h': No such file or directory
  Generating Code...
